<?xml version="1.0" encoding="UTF-8"?>
<!-- Generated by org.testng.reporters.JUnitReportReporter -->
<testsuite hostname="LAPTOP-4PCOUT3C" failures="0" tests="4" name="api.test.UserTests" time="4.801" errors="0" timestamp="2024-03-30T06:51:38 CET" skipped="0">
  <testcase classname="api.test.UserTests" name="testPostUser" time="2.307"/>
  <system-out/>
  <testcase classname="api.test.UserTests" name="testGetUserByName" time="0.632"/>
  <system-out/>
  <testcase classname="api.test.UserTests" name="testUpdateUserByName" time="1.239"/>
  <system-out/>
  <testcase classname="api.test.UserTests" name="testDeleteUserByName" time="0.623"/>
  <system-out/>
</testsuite> <!-- api.test.UserTests -->
