<?xml version="1.0" encoding="UTF-8"?>
<!-- Generated by org.testng.reporters.JUnitReportReporter -->
<testsuite hostname="LAPTOP-4PCOUT3C" failures="0" tests="14" name="api.test.DDTests" time="8.563" errors="0" timestamp="2024-03-30T06:51:38 CET" skipped="0">
  <testcase classname="api.test.DDTests" name="testPostUser" time="0.635"/>
  <system-out/>
  <testcase classname="api.test.DDTests" name="testPostUser" time="0.614"/>
  <system-out/>
  <testcase classname="api.test.DDTests" name="testPostUser" time="0.626"/>
  <system-out/>
  <testcase classname="api.test.DDTests" name="testPostUser" time="0.601"/>
  <system-out/>
  <testcase classname="api.test.DDTests" name="testPostUser" time="0.626"/>
  <system-out/>
  <testcase classname="api.test.DDTests" name="testPostUser" time="0.594"/>
  <system-out/>
  <testcase classname="api.test.DDTests" name="testPostUser" time="0.607"/>
  <system-out/>
  <testcase classname="api.test.DDTests" name="testDeleteUserByName" time="0.595"/>
  <system-out/>
  <testcase classname="api.test.DDTests" name="testDeleteUserByName" time="0.616"/>
  <system-out/>
  <testcase classname="api.test.DDTests" name="testDeleteUserByName" time="0.642"/>
  <system-out/>
  <testcase classname="api.test.DDTests" name="testDeleteUserByName" time="0.608"/>
  <system-out/>
  <testcase classname="api.test.DDTests" name="testDeleteUserByName" time="0.600"/>
  <system-out/>
  <testcase classname="api.test.DDTests" name="testDeleteUserByName" time="0.593"/>
  <system-out/>
  <testcase classname="api.test.DDTests" name="testDeleteUserByName" time="0.606"/>
  <system-out/>
</testsuite> <!-- api.test.DDTests -->
